0 info it worked if it ends with ok
1 verbose cli [ '/home/ubuntu/.nvm/versions/node/v7.7.4/bin/node',
1 verbose cli   '/home/ubuntu/.nvm/versions/node/v7.7.4/bin/npm',
1 verbose cli   'install',
1 verbose cli   '..code' ]
2 info using npm@4.1.2
3 info using node@v7.7.4
4 silly loadCurrentTree Starting
5 silly install loadCurrentTree
6 silly install readLocalPackageData
7 silly fetchPackageMetaData ..code
8 silly fetchOtherPackageData ..code
9 silly cache add args [ '..code', null ]
10 verbose cache add spec ..code
11 silly cache add parsed spec Result {
11 silly cache add   raw: '..code',
11 silly cache add   scope: null,
11 silly cache add   escapedName: null,
11 silly cache add   name: null,
11 silly cache add   rawSpec: '..code',
11 silly cache add   spec: '/home/ubuntu/joaovitorfuhr/calcula-item/..code',
11 silly cache add   type: 'local' }
12 error addLocal Could not install /home/ubuntu/joaovitorfuhr/calcula-item/..code
13 silly fetchPackageMetaData Error: ENOENT: no such file or directory, open '/home/ubuntu/joaovitorfuhr/calcula-item/..code'
13 silly fetchPackageMetaData  error for ..code { Error: ENOENT: no such file or directory, open '/home/ubuntu/joaovitorfuhr/calcula-item/..code'
13 silly fetchPackageMetaData   errno: -2,
13 silly fetchPackageMetaData   code: 'ENOENT',
13 silly fetchPackageMetaData   syscall: 'open',
13 silly fetchPackageMetaData   path: '/home/ubuntu/joaovitorfuhr/calcula-item/..code' }
14 silly rollbackFailedOptional Starting
15 silly rollbackFailedOptional Finishing
16 silly runTopLevelLifecycles Finishing
17 silly install printInstalled
18 verbose stack Error: ENOENT: no such file or directory, open '/home/ubuntu/joaovitorfuhr/calcula-item/..code'
19 verbose cwd /home/ubuntu/joaovitorfuhr/calcula-item
20 error Linux 4.2.0-34-generic
21 error argv "/home/ubuntu/.nvm/versions/node/v7.7.4/bin/node" "/home/ubuntu/.nvm/versions/node/v7.7.4/bin/npm" "install" "..code"
22 error node v7.7.4
23 error npm  v4.1.2
24 error path /home/ubuntu/joaovitorfuhr/calcula-item/..code
25 error code ENOENT
26 error errno -2
27 error syscall open
28 error enoent ENOENT: no such file or directory, open '/home/ubuntu/joaovitorfuhr/calcula-item/..code'
29 error enoent ENOENT: no such file or directory, open '/home/ubuntu/joaovitorfuhr/calcula-item/..code'
29 error enoent This is most likely not a problem with npm itself
29 error enoent and is related to npm not being able to find a file.
30 verbose exit [ -2, true ]
